  CPIT285 - Project - Group 6.cpp
C:\Users\Sara_\Desktop\FCIT\LVL 6\CPIT 285\CPIT285 - Project - Group 6\CPIT285 - Project - Group 6\CPIT285 - Project - Group 6\CPIT285 - Project - Group 6.cpp(34,33): warning C4305: 'argument': truncation from 'double' to 'GLclampf'
C:\Users\Sara_\Desktop\FCIT\LVL 6\CPIT 285\CPIT285 - Project - Group 6\CPIT285 - Project - Group 6\CPIT285 - Project - Group 6\CPIT285 - Project - Group 6.cpp(41,54): warning C4305: 'initializing': truncation from 'double' to 'GLfloat'
C:\Users\Sara_\Desktop\FCIT\LVL 6\CPIT 285\CPIT285 - Project - Group 6\CPIT285 - Project - Group 6\CPIT285 - Project - Group 6\CPIT285 - Project - Group 6.cpp(99,31): warning C4305: 'argument': truncation from 'double' to 'GLfloat'
C:\Users\Sara_\Desktop\FCIT\LVL 6\CPIT 285\CPIT285 - Project - Group 6\CPIT285 - Project - Group 6\CPIT285 - Project - Group 6\CPIT285 - Project - Group 6.cpp(107,26): warning C4305: 'argument': truncation from 'double' to 'GLfloat'
C:\Users\Sara_\Desktop\FCIT\LVL 6\CPIT 285\CPIT285 - Project - Group 6\CPIT285 - Project - Group 6\CPIT285 - Project - Group 6\CPIT285 - Project - Group 6.cpp(115,26): warning C4305: 'argument': truncation from 'double' to 'GLfloat'
C:\Users\Sara_\Desktop\FCIT\LVL 6\CPIT 285\CPIT285 - Project - Group 6\CPIT285 - Project - Group 6\CPIT285 - Project - Group 6\CPIT285 - Project - Group 6.cpp(123,31): warning C4305: 'argument': truncation from 'double' to 'GLfloat'
C:\Users\Sara_\Desktop\FCIT\LVL 6\CPIT 285\CPIT285 - Project - Group 6\CPIT285 - Project - Group 6\CPIT285 - Project - Group 6\CPIT285 - Project - Group 6.cpp(131,31): warning C4305: 'argument': truncation from 'double' to 'GLfloat'
C:\Users\Sara_\Desktop\FCIT\LVL 6\CPIT 285\CPIT285 - Project - Group 6\CPIT285 - Project - Group 6\CPIT285 - Project - Group 6\CPIT285 - Project - Group 6.cpp(147,20): warning C4018: '<': signed/unsigned mismatch
C:\Users\Sara_\Desktop\FCIT\LVL 6\CPIT 285\CPIT285 - Project - Group 6\CPIT285 - Project - Group 6\CPIT285 - Project - Group 6\CPIT285 - Project - Group 6.cpp(152,20): warning C4018: '<': signed/unsigned mismatch
C:\Users\Sara_\Desktop\FCIT\LVL 6\CPIT 285\CPIT285 - Project - Group 6\CPIT285 - Project - Group 6\CPIT285 - Project - Group 6\CPIT285 - Project - Group 6.cpp(157,20): warning C4018: '<': signed/unsigned mismatch
C:\Users\Sara_\Desktop\FCIT\LVL 6\CPIT 285\CPIT285 - Project - Group 6\CPIT285 - Project - Group 6\CPIT285 - Project - Group 6\CPIT285 - Project - Group 6.cpp(162,20): warning C4018: '<': signed/unsigned mismatch
C:\Users\Sara_\Desktop\FCIT\LVL 6\CPIT 285\CPIT285 - Project - Group 6\CPIT285 - Project - Group 6\CPIT285 - Project - Group 6\CPIT285 - Project - Group 6.cpp(167,20): warning C4018: '<': signed/unsigned mismatch
C:\Users\Sara_\Desktop\FCIT\LVL 6\CPIT 285\CPIT285 - Project - Group 6\CPIT285 - Project - Group 6\CPIT285 - Project - Group 6\CPIT285 - Project - Group 6.cpp(172,20): warning C4018: '<': signed/unsigned mismatch
C:\Users\Sara_\Desktop\FCIT\LVL 6\CPIT 285\CPIT285 - Project - Group 6\CPIT285 - Project - Group 6\CPIT285 - Project - Group 6\CPIT285 - Project - Group 6.cpp(181,25): warning C4305: 'argument': truncation from 'double' to 'GLfloat'
C:\Users\Sara_\Desktop\FCIT\LVL 6\CPIT 285\CPIT285 - Project - Group 6\CPIT285 - Project - Group 6\CPIT285 - Project - Group 6\CPIT285 - Project - Group 6.cpp(197,25): warning C4305: 'argument': truncation from 'double' to 'GLfloat'
C:\Users\Sara_\Desktop\FCIT\LVL 6\CPIT 285\CPIT285 - Project - Group 6\CPIT285 - Project - Group 6\CPIT285 - Project - Group 6\CPIT285 - Project - Group 6.cpp(220,25): warning C4305: 'argument': truncation from 'double' to 'GLfloat'
C:\Users\Sara_\Desktop\FCIT\LVL 6\CPIT 285\CPIT285 - Project - Group 6\CPIT285 - Project - Group 6\CPIT285 - Project - Group 6\CPIT285 - Project - Group 6.cpp(245,19): warning C4805: '==': unsafe mix of type 'BOOLEAN' and type 'bool' in operation
C:\Users\Sara_\Desktop\FCIT\LVL 6\CPIT 285\CPIT285 - Project - Group 6\CPIT285 - Project - Group 6\CPIT285 - Project - Group 6\CPIT285 - Project - Group 6.cpp(245,54): warning C4805: '==': unsafe mix of type 'BOOLEAN' and type 'bool' in operation
C:\Users\Sara_\Desktop\FCIT\LVL 6\CPIT 285\CPIT285 - Project - Group 6\CPIT285 - Project - Group 6\CPIT285 - Project - Group 6\CPIT285 - Project - Group 6.cpp(256,15): warning C4805: '==': unsafe mix of type 'BOOLEAN' and type 'bool' in operation
C:\Users\Sara_\Desktop\FCIT\LVL 6\CPIT 285\CPIT285 - Project - Group 6\CPIT285 - Project - Group 6\CPIT285 - Project - Group 6\CPIT285 - Project - Group 6.cpp(264,19): warning C4805: '==': unsafe mix of type 'BOOLEAN' and type 'bool' in operation
C:\Users\Sara_\Desktop\FCIT\LVL 6\CPIT 285\CPIT285 - Project - Group 6\CPIT285 - Project - Group 6\CPIT285 - Project - Group 6\CPIT285 - Project - Group 6.cpp(279,20): warning C4018: '<': signed/unsigned mismatch
C:\Users\Sara_\Desktop\FCIT\LVL 6\CPIT 285\CPIT285 - Project - Group 6\CPIT285 - Project - Group 6\CPIT285 - Project - Group 6\CPIT285 - Project - Group 6.cpp(284,20): warning C4018: '<': signed/unsigned mismatch
C:\Users\Sara_\Desktop\FCIT\LVL 6\CPIT 285\CPIT285 - Project - Group 6\CPIT285 - Project - Group 6\CPIT285 - Project - Group 6\CPIT285 - Project - Group 6.cpp(293,20): warning C4018: '<': signed/unsigned mismatch
C:\Users\Sara_\Desktop\FCIT\LVL 6\CPIT 285\CPIT285 - Project - Group 6\CPIT285 - Project - Group 6\CPIT285 - Project - Group 6\CPIT285 - Project - Group 6.cpp(300,20): warning C4018: '<': signed/unsigned mismatch
C:\Users\Sara_\Desktop\FCIT\LVL 6\CPIT 285\CPIT285 - Project - Group 6\CPIT285 - Project - Group 6\CPIT285 - Project - Group 6\CPIT285 - Project - Group 6.cpp(309,20): warning C4018: '<': signed/unsigned mismatch
C:\Users\Sara_\Desktop\FCIT\LVL 6\CPIT 285\CPIT285 - Project - Group 6\CPIT285 - Project - Group 6\CPIT285 - Project - Group 6\CPIT285 - Project - Group 6.cpp(316,20): warning C4018: '<': signed/unsigned mismatch
C:\Users\Sara_\Desktop\FCIT\LVL 6\CPIT 285\CPIT285 - Project - Group 6\CPIT285 - Project - Group 6\CPIT285 - Project - Group 6\CPIT285 - Project - Group 6.cpp(335,31): warning C4305: 'argument': truncation from 'double' to 'GLfloat'
C:\Users\Sara_\Desktop\FCIT\LVL 6\CPIT 285\CPIT285 - Project - Group 6\CPIT285 - Project - Group 6\CPIT285 - Project - Group 6\CPIT285 - Project - Group 6.cpp(343,26): warning C4305: 'argument': truncation from 'double' to 'GLfloat'
C:\Users\Sara_\Desktop\FCIT\LVL 6\CPIT 285\CPIT285 - Project - Group 6\CPIT285 - Project - Group 6\CPIT285 - Project - Group 6\CPIT285 - Project - Group 6.cpp(351,26): warning C4305: 'argument': truncation from 'double' to 'GLfloat'
C:\Users\Sara_\Desktop\FCIT\LVL 6\CPIT 285\CPIT285 - Project - Group 6\CPIT285 - Project - Group 6\CPIT285 - Project - Group 6\CPIT285 - Project - Group 6.cpp(359,31): warning C4305: 'argument': truncation from 'double' to 'GLfloat'
C:\Users\Sara_\Desktop\FCIT\LVL 6\CPIT 285\CPIT285 - Project - Group 6\CPIT285 - Project - Group 6\CPIT285 - Project - Group 6\CPIT285 - Project - Group 6.cpp(367,31): warning C4305: 'argument': truncation from 'double' to 'GLfloat'
C:\Users\Sara_\Desktop\FCIT\LVL 6\CPIT 285\CPIT285 - Project - Group 6\CPIT285 - Project - Group 6\CPIT285 - Project - Group 6\CPIT285 - Project - Group 6.cpp(412,36): warning C4805: '==': unsafe mix of type 'BOOLEAN' and type 'bool' in operation
C:\Users\Sara_\Desktop\FCIT\LVL 6\CPIT 285\CPIT285 - Project - Group 6\CPIT285 - Project - Group 6\CPIT285 - Project - Group 6\CPIT285 - Project - Group 6.cpp(419,19): warning C4805: '==': unsafe mix of type 'BOOLEAN' and type 'bool' in operation
C:\Users\Sara_\Desktop\FCIT\LVL 6\CPIT 285\CPIT285 - Project - Group 6\CPIT285 - Project - Group 6\CPIT285 - Project - Group 6\CPIT285 - Project - Group 6.cpp(424,18): warning C4805: '==': unsafe mix of type 'BOOLEAN' and type 'bool' in operation
C:\Users\Sara_\Desktop\FCIT\LVL 6\CPIT 285\CPIT285 - Project - Group 6\CPIT285 - Project - Group 6\CPIT285 - Project - Group 6\CPIT285 - Project - Group 6.cpp(437,40): warning C4244: '=': conversion from 'int' to 'float', possible loss of data
C:\Users\Sara_\Desktop\FCIT\LVL 6\CPIT 285\CPIT285 - Project - Group 6\CPIT285 - Project - Group 6\CPIT285 - Project - Group 6\CPIT285 - Project - Group 6.cpp(476,39): warning C4244: 'return': conversion from 'int' to 'float', possible loss of data
  CPIT285 - Project - Group 6.vcxproj -> C:\Users\Sara_\Desktop\FCIT\LVL 6\CPIT 285\CPIT285 - Project - Group 6\CPIT285 - Project - Group 6\Debug\CPIT285 - Project - Group 6.exe
